

Microchip Technology PIC18 LITE Macro Assembler V1.43 build -156212558 
                                                                                               Sat Oct 14 00:46:14 2017

Microchip Technology Omniscient Code Generator v1.43 (Free mode) build 201707250354
     1                           	processor	18F452
     2                           	fnconf	rparam,??,?,0
     3                           	opt	pw 120
     4                           	opt	lm
     5                           	psect	smallconst,global,reloc=2,class=SMALLCONST,delta=1,noexec
     6                           	psect	cinit,global,reloc=2,class=CODE,delta=1
     7                           	psect	cstackCOMRAM,global,class=COMRAM,space=1,delta=1,noexec
     8                           	psect	text0,global,reloc=2,class=CODE,delta=1
     9                           	psect	text1,global,reloc=2,class=CODE,delta=1
    10                           	psect	text2,global,reloc=2,class=CODE,delta=1
    11                           	psect	text3,global,reloc=2,class=CODE,delta=1
    12                           	psect	text4,global,reloc=2,class=CODE,delta=1
    13                           	psect	text5,global,reloc=2,class=CODE,delta=1
    14                           	psect	text6,global,reloc=2,class=CODE,delta=1
    15                           	psect	text7,global,reloc=2,class=CODE,delta=1
    16                           	psect	text8,global,reloc=2,class=CODE,delta=1
    17                           	psect	intsave_regs,global,class=BIGRAM,space=1,delta=1,noexec
    18                           	psect	rparam,global,class=COMRAM,space=1,delta=1,noexec
    19  0000                     
    20                           ; Version 1.43
    21                           ; Generated 25/07/2017 GMT
    22                           ; 
    23                           ; Copyright © 2017, Microchip Technology Inc. and its subsidiaries ("Microchip")
    24                           ; All rights reserved.
    25                           ; 
    26                           ; This software is developed by Microchip Technology Inc. and its subsidiaries ("Microch
      +                          ip").
    27                           ; 
    28                           ; Redistribution and use in source and binary forms, with or without modification, are
    29                           ; permitted provided that the following conditions are met:
    30                           ; 
    31                           ;     1. Redistributions of source code must retain the above copyright notice, this lis
      +                          t of
    32                           ;        conditions and the following disclaimer.
    33                           ; 
    34                           ;     2. Redistributions in binary form must reproduce the above copyright notice, this 
      +                          list
    35                           ;        of conditions and the following disclaimer in the documentation and/or other
    36                           ;        materials provided with the distribution.
    37                           ; 
    38                           ;     3. Microchip's name may not be used to endorse or promote products derived from th
      +                          is
    39                           ;        software without specific prior written permission.
    40                           ; 
    41                           ; THIS SOFTWARE IS PROVIDED BY MICROCHIP "AS IS" AND ANY EXPRESS OR IMPLIED WARRANTIES,
    42                           ; INCLUDING, BUT NOT LIMITED TO, THE IMPLIED WARRANTIES OF MERCHANTABILITY AND FITNESS F
      +                          OR
    43                           ; PURPOSE ARE DISCLAIMED.  IN NO EVENT SHALL MICROCHIP BE LIABLE FOR ANY DIRECT, INDIREC
      +                          T,
    44                           ; INCIDENTAL, SPECIAL, EXEMPLARY, OR CONSEQUENTIAL DAMAGES (INCLUDING BUT NOT LIMITED TO
    45                           ; PROCUREMENT OF SUBSTITUTE GOODS OR SERVICES; LOSS OF USE, DATA OR PROFITS; OR BUSINESS
    46                           ; INTERRUPTION) HOWSOEVER CAUSED AND ON ANY THEORY OF LIABILITY, WHETHER IN CONTRACT, ST
      +                          RICT
    47                           ; LIABILITY, OR TORT (INCLUDING NEGLIGENCE OR OTHERWISE) ARISING IN ANY WAY OUT OF THE U
      +                          SE OF
    48                           ; THIS SOFTWARE, EVEN IF ADVISED OF THE POSSIBILITY OF SUCH DAMAGE.
    49                           ; 
    50                           ; 
    51                           ; Code-generator required, PIC18F452 Definitions
    52                           ; 
    53                           ; SFR Addresses
    54  0000                     _TRISDbits	set	3989
    55  0000                     _LATDbits	set	3980
    56  0000                     _TRISD	set	3989
    57  0000                     _PORTD	set	3971
    58                           
    59                           	psect	smallconst
    60  000600                     __psmallconst:
    61                           	opt stack 0
    62  000600  00                 	db	0
    63  000601                     STR_1:
    64  000601  48                 	db	72	;'H'
    65  000602  65                 	db	101	;'e'
    66  000603  6C                 	db	108	;'l'
    67  000604  6C                 	db	108	;'l'
    68  000605  6F                 	db	111	;'o'
    69  000606  20                 	db	32
    70  000607  57                 	db	87	;'W'
    71  000608  6F                 	db	111	;'o'
    72  000609  72                 	db	114	;'r'
    73  00060A  6C                 	db	108	;'l'
    74  00060B  64                 	db	100	;'d'
    75  00060C  21                 	db	33
    76  00060D  00                 	db	0
    77                           
    78                           ; #config settings
    79  00060E  00                 	db	0	; dummy byte at the end
    80  0000                     
    81                           	psect	cinit
    82  0008B0                     __pcinit:
    83                           	opt stack 0
    84  0008B0                     start_initialization:
    85                           	opt stack 0
    86  0008B0                     __initialization:
    87                           	opt stack 0
    88  0008B0                     end_of_initialization:
    89                           	opt stack 0
    90  0008B0                     __end_of__initialization:
    91                           	opt stack 0
    92  0008B0  0E00               	movlw	low (__Lsmallconst shr (0+16))
    93  0008B2  6EF8               	movwf	tblptru,c
    94  0008B4  0E06               	movlw	high __Lsmallconst
    95  0008B6  6EF7               	movwf	tblptrh,c
    96  0008B8  0100               	movlb	0
    97  0008BA  EF6D  F003         	goto	_main	;jump to C main() function
    98                           tblptru	equ	0xFF8
    99                           tblptrh	equ	0xFF7
   100                           
   101                           	psect	cstackCOMRAM
   102  000001                     __pcstackCOMRAM:
   103                           	opt stack 0
   104  000001                     ??_DelayPORXLCD:
   105  000001                     SetDDRamAddr@DDaddr:
   106                           	opt stack 0
   107  000001                     WriteCmdXLCD@cmd:
   108                           	opt stack 0
   109  000001                     WriteDataXLCD@data:
   110                           	opt stack 0
   111                           
   112                           ; 1 bytes @ 0x0
   113  000001                     	ds	1
   114  000002                     ??_OpenXLCD:
   115  000002                     putrsXLCD@buffer:
   116                           	opt stack 0
   117                           
   118                           ; 2 bytes @ 0x1
   119  000002                     	ds	1
   120  000003                     OpenXLCD@lcdtype:
   121                           	opt stack 0
   122                           
   123                           ; 1 bytes @ 0x2
   124  000003                     	ds	1
   125  000004                     tblptru	equ	0xFF8
   126                           tblptrh	equ	0xFF7
   127                           
   128                           ; 1 bytes @ 0x3
   129 ;;
   130 ;;Main: autosize = 0, tempsize = 0, incstack = 0, save=0
   131 ;;
   132 ;; *************** function _main *****************
   133 ;; Defined at:
   134 ;;		line 33 in file "lab1lcd.c"
   135 ;; Parameters:    Size  Location     Type
   136 ;;		None
   137 ;; Auto vars:     Size  Location     Type
   138 ;;		None
   139 ;; Return value:  Size  Location     Type
   140 ;;                  1    wreg      void 
   141 ;; Registers used:
   142 ;;		wreg, status,2, status,0, tblptrl, tblptrh, tblptru, cstack
   143 ;; Tracked objects:
   144 ;;		On entry : 0/0
   145 ;;		On exit  : 0/0
   146 ;;		Unchanged: 0/0
   147 ;; Data sizes:     COMRAM   BANK0   BANK1   BANK2   BANK3   BANK4   BANK5
   148 ;;      Params:         0       0       0       0       0       0       0
   149 ;;      Locals:         0       0       0       0       0       0       0
   150 ;;      Temps:          0       0       0       0       0       0       0
   151 ;;      Totals:         0       0       0       0       0       0       0
   152 ;;Total ram usage:        0 bytes
   153 ;; Hardware stack levels required when called:    3
   154 ;; This function calls:
   155 ;;		_BusyXLCD
   156 ;;		_OpenXLCD
   157 ;;		_SetDDRamAddr
   158 ;;		_WriteCmdXLCD
   159 ;;		_putrsXLCD
   160 ;; This function is called by:
   161 ;;		Startup code after reset
   162 ;; This function uses a non-reentrant model
   163 ;;
   164                           
   165                           	psect	text0
   166  0006DA                     __ptext0:
   167                           	opt stack 0
   168  0006DA                     _main:
   169                           	opt stack 0
   170  0006DA  FFFF               	dw	65535	; assembler added errata NOP
   171                           
   172                           ;lab1lcd.c: 35: PORTD = 0X00;
   173                           
   174                           ;incstack = 0
   175  0006DC  0E00               	movlw	0
   176  0006DE  6E83               	movwf	3971,c	;volatile
   177                           
   178                           ;lab1lcd.c: 36: TRISD = 0X00;
   179  0006E0  0E00               	movlw	0
   180  0006E2  6E95               	movwf	3989,c	;volatile
   181                           
   182                           ;lab1lcd.c: 38: OpenXLCD(0b00101100 & 0b00111000);
   183  0006E4  0E28               	movlw	40
   184  0006E6  EC08  F003         	call	_OpenXLCD
   185  0006EA  FFFF               	dw	65535	; assembler added errata NOP
   186  0006EC  EC24  F004         	call	_BusyXLCD	;wreg free
   187  0006F0  0900               	iorlw	0
   188  0006F2  A4D8               	btfss	status,2,c
   189  0006F4  D7FA               	goto	l31
   190                           
   191                           ;lab1lcd.c: 41: SetDDRamAddr(0x00);
   192  0006F6  0E00               	movlw	0
   193  0006F8  EC9F  F003         	call	_SetDDRamAddr
   194                           
   195                           ;lab1lcd.c: 42: WriteCmdXLCD( 0b00000110 );
   196  0006FC  0E06               	movlw	6
   197  0006FE  EC03  F004         	call	_WriteCmdXLCD
   198  000702  FFFF               	dw	65535	; assembler added errata NOP
   199  000704  EC24  F004         	call	_BusyXLCD	;wreg free
   200  000708  0900               	iorlw	0
   201  00070A  A4D8               	btfss	status,2,c
   202  00070C  D7FA               	goto	l34
   203                           
   204                           ;lab1lcd.c: 45: WriteCmdXLCD( 0b00001111 );
   205  00070E  0E0F               	movlw	15
   206  000710  EC03  F004         	call	_WriteCmdXLCD
   207  000714  FFFF               	dw	65535	; assembler added errata NOP
   208  000716  EC24  F004         	call	_BusyXLCD	;wreg free
   209  00071A  0900               	iorlw	0
   210  00071C  A4D8               	btfss	status,2,c
   211  00071E  D7FA               	goto	l37
   212                           
   213                           ;lab1lcd.c: 48: putrsXLCD("Hello World!");
   214  000720  0E01               	movlw	low STR_1
   215  000722  6E02               	movwf	putrsXLCD@buffer,c
   216  000724  0E06               	movlw	high STR_1
   217  000726  6E03               	movwf	putrsXLCD@buffer+1,c
   218  000728  ECC1  F003         	call	_putrsXLCD	;wreg free
   219  00072C  FFFF               	dw	65535	; assembler added errata NOP
   220  00072E  EC24  F004         	call	_BusyXLCD	;wreg free
   221  000732  0900               	iorlw	0
   222  000734  A4D8               	btfss	status,2,c
   223  000736  D7FA               	goto	l40
   224  000738  0003               	sleep		;# 
   225  00073A  EF01  F000         	goto	start
   226  00073E                     __end_of_main:
   227                           	opt stack 0
   228                           tblptru	equ	0xFF8
   229                           tblptrh	equ	0xFF7
   230                           status	equ	0xFD8
   231                           
   232 ;; *************** function _putrsXLCD *****************
   233 ;; Defined at:
   234 ;;		line 170 in file "xlcdinit.c"
   235 ;; Parameters:    Size  Location     Type
   236 ;;  buffer          2    1[COMRAM] PTR const unsigned char 
   237 ;;		 -> STR_1(13), 
   238 ;; Auto vars:     Size  Location     Type
   239 ;;		None
   240 ;; Return value:  Size  Location     Type
   241 ;;                  1    wreg      void 
   242 ;; Registers used:
   243 ;;		wreg, status,2, status,0, tblptrl, tblptrh, tblptru, cstack
   244 ;; Tracked objects:
   245 ;;		On entry : 0/0
   246 ;;		On exit  : 0/0
   247 ;;		Unchanged: 0/0
   248 ;; Data sizes:     COMRAM   BANK0   BANK1   BANK2   BANK3   BANK4   BANK5
   249 ;;      Params:         2       0       0       0       0       0       0
   250 ;;      Locals:         0       0       0       0       0       0       0
   251 ;;      Temps:          0       0       0       0       0       0       0
   252 ;;      Totals:         2       0       0       0       0       0       0
   253 ;;Total ram usage:        2 bytes
   254 ;; Hardware stack levels used:    1
   255 ;; Hardware stack levels required when called:    2
   256 ;; This function calls:
   257 ;;		_BusyXLCD
   258 ;;		_WriteDataXLCD
   259 ;; This function is called by:
   260 ;;		_main
   261 ;; This function uses a non-reentrant model
   262 ;;
   263                           
   264                           	psect	text1
   265  000782                     __ptext1:
   266                           	opt stack 0
   267  000782                     _putrsXLCD:
   268                           	opt stack 0
   269  000782  FFFF               	dw	65535	; assembler added errata NOP
   270                           
   271                           ;xlcdinit.c: 172: while(*buffer)
   272                           
   273                           ;incstack = 0
   274  000784  D011               	goto	l94
   275  000786  FFFF               	dw	65535	; assembler added errata NOP
   276                           
   277                           ;xlcdinit.c: 173: {
   278                           ;xlcdinit.c: 174: while(BusyXLCD());
   279  000788  EC24  F004         	call	_BusyXLCD	;wreg free
   280  00078C  0900               	iorlw	0
   281  00078E  A4D8               	btfss	status,2,c
   282  000790  D7FA               	goto	l95
   283                           
   284                           ;xlcdinit.c: 175: WriteDataXLCD(*buffer);
   285  000792  C002  FFF6         	movff	putrsXLCD@buffer,tblptrl
   286  000796  C003  FFF7         	movff	putrsXLCD@buffer+1,tblptrh
   287  00079A                     	if	0	;tblptru may be non-zero
   288  00079A                     	endif
   289  00079A                     	if	0	;tblptru may be non-zero
   290  00079A                     	endif
   291  00079A  0008               	tblrd		*
   292  00079C  FFFF               	dw	65535	; errata NOP
   293  00079E  50F5               	movf	tablat,w,c
   294  0007A0  ECE2  F003         	call	_WriteDataXLCD
   295                           
   296                           ;xlcdinit.c: 176: buffer++;
   297  0007A4  4A02               	infsnz	putrsXLCD@buffer,f,c
   298  0007A6  2A03               	incf	putrsXLCD@buffer+1,f,c
   299  0007A8                     l94:
   300  0007A8  FFFF               	dw	65535	; assembler added errata NOP
   301  0007AA  C002  FFF6         	movff	putrsXLCD@buffer,tblptrl
   302  0007AE  C003  FFF7         	movff	putrsXLCD@buffer+1,tblptrh
   303  0007B2                     	if	0	;tblptru may be non-zero
   304  0007B2                     	endif
   305  0007B2                     	if	0	;tblptru may be non-zero
   306  0007B2                     	endif
   307  0007B2  0008               	tblrd		*
   308  0007B4  FFFF               	dw	65535	; errata NOP
   309  0007B6  50F5               	movf	tablat,w,c
   310  0007B8  0900               	iorlw	0
   311  0007BA  B4D8               	btfsc	status,2,c
   312                           
   313                           ;xlcdinit.c: 177: }
   314                           ;xlcdinit.c: 178: return;
   315  0007BC  0012               	return		;funcret
   316  0007BE  FFFF               	dw	65535	; assembler added errata NOP
   317  0007C0  D7E2               	goto	l95
   318  0007C2  FFFF               	dw	65535	; errata NOP
   319  0007C4                     __end_of_putrsXLCD:
   320                           	opt stack 0
   321                           tblptru	equ	0xFF8
   322                           tblptrh	equ	0xFF7
   323                           tblptrl	equ	0xFF6
   324                           tablat	equ	0xFF5
   325                           status	equ	0xFD8
   326                           
   327 ;; *************** function _WriteDataXLCD *****************
   328 ;; Defined at:
   329 ;;		line 530 in file "xlcdinit.c"
   330 ;; Parameters:    Size  Location     Type
   331 ;;  data            1    wreg     unsigned char 
   332 ;; Auto vars:     Size  Location     Type
   333 ;;  data            1    0[COMRAM] unsigned char 
   334 ;; Return value:  Size  Location     Type
   335 ;;                  1    wreg      void 
   336 ;; Registers used:
   337 ;;		wreg, status,2, status,0, cstack
   338 ;; Tracked objects:
   339 ;;		On entry : 0/0
   340 ;;		On exit  : 0/0
   341 ;;		Unchanged: 0/0
   342 ;; Data sizes:     COMRAM   BANK0   BANK1   BANK2   BANK3   BANK4   BANK5
   343 ;;      Params:         0       0       0       0       0       0       0
   344 ;;      Locals:         1       0       0       0       0       0       0
   345 ;;      Temps:          0       0       0       0       0       0       0
   346 ;;      Totals:         1       0       0       0       0       0       0
   347 ;;Total ram usage:        1 bytes
   348 ;; Hardware stack levels used:    1
   349 ;; Hardware stack levels required when called:    1
   350 ;; This function calls:
   351 ;;		_DelayFor18TCY
   352 ;; This function is called by:
   353 ;;		_putrsXLCD
   354 ;;		_putsXLCD
   355 ;; This function uses a non-reentrant model
   356 ;;
   357                           
   358                           	psect	text2
   359  0007C4                     __ptext2:
   360                           	opt stack 0
   361  0007C4                     _WriteDataXLCD:
   362                           	opt stack 0
   363  0007C4  FFFF               	dw	65535	; assembler added errata NOP
   364                           
   365                           ;incstack = 0
   366                           ;WriteDataXLCD@data stored from wreg
   367  0007C6  6E01               	movwf	WriteDataXLCD@data,c
   368                           
   369                           ;xlcdinit.c: 545: TRISD &= 0x0f;
   370  0007C8  0E0F               	movlw	15
   371  0007CA  1695               	andwf	3989,f,c	;volatile
   372                           
   373                           ;xlcdinit.c: 546: PORTD &= 0x0f;
   374  0007CC  0E0F               	movlw	15
   375  0007CE  1683               	andwf	3971,f,c	;volatile
   376                           
   377                           ;xlcdinit.c: 547: PORTD |= data&0xf0;
   378  0007D0  5001               	movf	WriteDataXLCD@data,w,c
   379  0007D2  0BF0               	andlw	240
   380  0007D4  1283               	iorwf	3971,f,c	;volatile
   381                           
   382                           ;xlcdinit.c: 553: LATDbits.LATD1 = 1;
   383  0007D6  828C               	bsf	3980,1,c	;volatile
   384                           
   385                           ;xlcdinit.c: 554: LATDbits.LATD2 = 0;
   386  0007D8  948C               	bcf	3980,2,c	;volatile
   387                           
   388                           ;xlcdinit.c: 555: DelayFor18TCY();
   389  0007DA  EC50  F004         	call	_DelayFor18TCY	;wreg free
   390                           
   391                           ;xlcdinit.c: 556: LATDbits.LATD0 = 1;
   392  0007DE  808C               	bsf	3980,0,c	;volatile
   393                           
   394                           ;xlcdinit.c: 557: DelayFor18TCY();
   395  0007E0  EC50  F004         	call	_DelayFor18TCY	;wreg free
   396                           
   397                           ;xlcdinit.c: 558: LATDbits.LATD0 = 0;
   398  0007E4  908C               	bcf	3980,0,c	;volatile
   399                           
   400                           ;xlcdinit.c: 560: PORTD &= 0x0f;
   401  0007E6  0E0F               	movlw	15
   402  0007E8  1683               	andwf	3971,f,c	;volatile
   403                           
   404                           ;xlcdinit.c: 561: PORTD |= ((data<<4)&0xf0);
   405  0007EA  3801               	swapf	WriteDataXLCD@data,w,c
   406  0007EC  0BF0               	andlw	240
   407  0007EE  0BF0               	andlw	240
   408  0007F0  1283               	iorwf	3971,f,c	;volatile
   409                           
   410                           ;xlcdinit.c: 566: DelayFor18TCY();
   411  0007F2  EC50  F004         	call	_DelayFor18TCY	;wreg free
   412                           
   413                           ;xlcdinit.c: 567: LATDbits.LATD0 = 1;
   414  0007F6  808C               	bsf	3980,0,c	;volatile
   415                           
   416                           ;xlcdinit.c: 568: DelayFor18TCY();
   417  0007F8  EC50  F004         	call	_DelayFor18TCY	;wreg free
   418                           
   419                           ;xlcdinit.c: 569: LATDbits.LATD0 = 0;
   420  0007FC  908C               	bcf	3980,0,c	;volatile
   421                           
   422                           ;xlcdinit.c: 571: TRISD |= 0xf0;
   423  0007FE  0EF0               	movlw	240
   424  000800  1295               	iorwf	3989,f,c	;volatile
   425                           
   426                           ;xlcdinit.c: 576: return;
   427  000802  0012               	return		;funcret
   428  000804  FFFF               	dw	65535	; errata NOP
   429  000806                     __end_of_WriteDataXLCD:
   430                           	opt stack 0
   431                           tblptru	equ	0xFF8
   432                           tblptrh	equ	0xFF7
   433                           tblptrl	equ	0xFF6
   434                           tablat	equ	0xFF5
   435                           status	equ	0xFD8
   436                           
   437 ;; *************** function _OpenXLCD *****************
   438 ;; Defined at:
   439 ;;		line 89 in file "xlcdinit.c"
   440 ;; Parameters:    Size  Location     Type
   441 ;;  lcdtype         1    wreg     unsigned char 
   442 ;; Auto vars:     Size  Location     Type
   443 ;;  lcdtype         1    2[COMRAM] unsigned char 
   444 ;; Return value:  Size  Location     Type
   445 ;;                  1    wreg      void 
   446 ;; Registers used:
   447 ;;		wreg, status,2, status,0, cstack
   448 ;; Tracked objects:
   449 ;;		On entry : 0/0
   450 ;;		On exit  : 0/0
   451 ;;		Unchanged: 0/0
   452 ;; Data sizes:     COMRAM   BANK0   BANK1   BANK2   BANK3   BANK4   BANK5
   453 ;;      Params:         0       0       0       0       0       0       0
   454 ;;      Locals:         1       0       0       0       0       0       0
   455 ;;      Temps:          1       0       0       0       0       0       0
   456 ;;      Totals:         2       0       0       0       0       0       0
   457 ;;Total ram usage:        2 bytes
   458 ;; Hardware stack levels used:    1
   459 ;; Hardware stack levels required when called:    2
   460 ;; This function calls:
   461 ;;		_BusyXLCD
   462 ;;		_DelayPORXLCD
   463 ;;		_SetDDRamAddr
   464 ;;		_WriteCmdXLCD
   465 ;; This function is called by:
   466 ;;		_main
   467 ;; This function uses a non-reentrant model
   468 ;;
   469                           
   470                           	psect	text3
   471  000610                     __ptext3:
   472                           	opt stack 0
   473  000610                     _OpenXLCD:
   474                           	opt stack 0
   475  000610  FFFF               	dw	65535	; assembler added errata NOP
   476                           
   477                           ;incstack = 0
   478                           ;OpenXLCD@lcdtype stored from wreg
   479  000612  6E03               	movwf	OpenXLCD@lcdtype,c
   480                           
   481                           ;xlcdinit.c: 98: PORTD &= 0x0f;
   482  000614  0E0F               	movlw	15
   483  000616  1683               	andwf	3971,f,c	;volatile
   484                           
   485                           ;xlcdinit.c: 99: TRISD &= 0x0F;
   486  000618  0E0F               	movlw	15
   487  00061A  1695               	andwf	3989,f,c	;volatile
   488                           
   489                           ;xlcdinit.c: 105: TRISDbits.TRISD2 = 0;
   490  00061C  9495               	bcf	3989,2,c	;volatile
   491                           
   492                           ;xlcdinit.c: 106: TRISDbits.TRISD1 = 0;
   493  00061E  9295               	bcf	3989,1,c	;volatile
   494                           
   495                           ;xlcdinit.c: 107: TRISDbits.TRISD0 = 0;
   496  000620  9095               	bcf	3989,0,c	;volatile
   497                           
   498                           ;xlcdinit.c: 108: LATDbits.LATD2 = 0;
   499  000622  948C               	bcf	3980,2,c	;volatile
   500                           
   501                           ;xlcdinit.c: 109: LATDbits.LATD1 = 0;
   502  000624  928C               	bcf	3980,1,c	;volatile
   503                           
   504                           ;xlcdinit.c: 110: LATDbits.LATD0 = 0;
   505  000626  908C               	bcf	3980,0,c	;volatile
   506                           
   507                           ;xlcdinit.c: 113: DelayPORXLCD();
   508  000628  EC45  F004         	call	_DelayPORXLCD	;wreg free
   509                           
   510                           ;xlcdinit.c: 115: WriteCmdXLCD(0x30);
   511  00062C  0E30               	movlw	48
   512  00062E  EC03  F004         	call	_WriteCmdXLCD
   513                           
   514                           ;xlcdinit.c: 117: _delay((unsigned long)((15)*((4000000)/4000.0)));
   515  000632  0E0F               	movlw	15
   516  000634  6E02               	movwf	??_OpenXLCD& (0+255),c
   517  000636  0E9E               	movlw	158
   518  000638                     u237:
   519  000638  FFFF               	dw	65535	; errata NOP
   520  00063A  2EE8               	decfsz	wreg,f,c
   521  00063C  D7FD               	bra	u237
   522  00063E  2E02               	decfsz	??_OpenXLCD& (0+255),f,c
   523  000640  D7FB               	bra	u237
   524                           
   525                           ;xlcdinit.c: 119: WriteCmdXLCD(0x30);
   526  000642  0E30               	movlw	48
   527  000644  EC03  F004         	call	_WriteCmdXLCD
   528                           
   529                           ;xlcdinit.c: 121: _delay((unsigned long)((15)*((4000000)/4000.0)));
   530  000648  0E0F               	movlw	15
   531  00064A  6E02               	movwf	??_OpenXLCD& (0+255),c
   532  00064C  0E9E               	movlw	158
   533  00064E                     u247:
   534  00064E  FFFF               	dw	65535	; errata NOP
   535  000650  2EE8               	decfsz	wreg,f,c
   536  000652  D7FD               	bra	u247
   537  000654  2E02               	decfsz	??_OpenXLCD& (0+255),f,c
   538  000656  D7FB               	bra	u247
   539                           
   540                           ;xlcdinit.c: 123: WriteCmdXLCD(0x32);
   541  000658  0E32               	movlw	50
   542  00065A  EC03  F004         	call	_WriteCmdXLCD
   543  00065E  FFFF               	dw	65535	; assembler added errata NOP
   544  000660  EC24  F004         	call	_BusyXLCD	;wreg free
   545  000664  0900               	iorlw	0
   546  000666  A4D8               	btfss	status,2,c
   547  000668  D7FA               	goto	l71
   548  00066A                     u20:
   549  00066A  FFFF               	dw	65535	; assembler added errata NOP
   550                           
   551                           ;xlcdinit.c: 129: while(BusyXLCD());
   552  00066C  EC24  F004         	call	_BusyXLCD	;wreg free
   553  000670  0900               	iorlw	0
   554  000672  A4D8               	btfss	status,2,c
   555  000674  D7FA               	goto	u20
   556                           
   557                           ;xlcdinit.c: 130: WriteCmdXLCD(lcdtype);
   558  000676  5003               	movf	OpenXLCD@lcdtype,w,c
   559  000678  EC03  F004         	call	_WriteCmdXLCD
   560  00067C  FFFF               	dw	65535	; assembler added errata NOP
   561  00067E  EC24  F004         	call	_BusyXLCD	;wreg free
   562  000682  0900               	iorlw	0
   563  000684  A4D8               	btfss	status,2,c
   564  000686  D7FA               	goto	l77
   565                           
   566                           ;xlcdinit.c: 134: WriteCmdXLCD(0b00001011&0b00001101&0b00001110);
   567  000688  0E08               	movlw	8
   568  00068A  EC03  F004         	call	_WriteCmdXLCD
   569  00068E  FFFF               	dw	65535	; assembler added errata NOP
   570  000690  EC24  F004         	call	_BusyXLCD	;wreg free
   571  000694  0900               	iorlw	0
   572  000696  A4D8               	btfss	status,2,c
   573  000698  D7FA               	goto	l80
   574                           
   575                           ;xlcdinit.c: 136: WriteCmdXLCD(0b00001111&0b00001111&0b00001111);
   576  00069A  0E0F               	movlw	15
   577  00069C  EC03  F004         	call	_WriteCmdXLCD
   578  0006A0  FFFF               	dw	65535	; assembler added errata NOP
   579  0006A2  EC24  F004         	call	_BusyXLCD	;wreg free
   580  0006A6  0900               	iorlw	0
   581  0006A8  A4D8               	btfss	status,2,c
   582  0006AA  D7FA               	goto	l83
   583                           
   584                           ;xlcdinit.c: 140: WriteCmdXLCD(0x01);
   585  0006AC  0E01               	movlw	1
   586  0006AE  EC03  F004         	call	_WriteCmdXLCD
   587  0006B2  FFFF               	dw	65535	; assembler added errata NOP
   588  0006B4  EC24  F004         	call	_BusyXLCD	;wreg free
   589  0006B8  0900               	iorlw	0
   590  0006BA  A4D8               	btfss	status,2,c
   591  0006BC  D7FA               	goto	l86
   592                           
   593                           ;xlcdinit.c: 144: WriteCmdXLCD(0b00000100);
   594  0006BE  0E04               	movlw	4
   595  0006C0  EC03  F004         	call	_WriteCmdXLCD
   596  0006C4  FFFF               	dw	65535	; assembler added errata NOP
   597  0006C6  EC24  F004         	call	_BusyXLCD	;wreg free
   598  0006CA  0900               	iorlw	0
   599  0006CC  A4D8               	btfss	status,2,c
   600  0006CE  D7FA               	goto	l89
   601                           
   602                           ;xlcdinit.c: 148: SetDDRamAddr(0x80);
   603  0006D0  0E80               	movlw	128
   604  0006D2  EC9F  F003         	call	_SetDDRamAddr
   605                           
   606                           ;xlcdinit.c: 150: return;
   607  0006D6  0012               	return		;funcret
   608  0006D8  FFFF               	dw	65535	; errata NOP
   609  0006DA                     __end_of_OpenXLCD:
   610                           	opt stack 0
   611                           tblptru	equ	0xFF8
   612                           tblptrh	equ	0xFF7
   613                           tblptrl	equ	0xFF6
   614                           tablat	equ	0xFF5
   615                           wreg	equ	0xFE8
   616                           status	equ	0xFD8
   617                           
   618 ;; *************** function _WriteCmdXLCD *****************
   619 ;; Defined at:
   620 ;;		line 464 in file "xlcdinit.c"
   621 ;; Parameters:    Size  Location     Type
   622 ;;  cmd             1    wreg     unsigned char 
   623 ;; Auto vars:     Size  Location     Type
   624 ;;  cmd             1    0[COMRAM] unsigned char 
   625 ;; Return value:  Size  Location     Type
   626 ;;                  1    wreg      void 
   627 ;; Registers used:
   628 ;;		wreg, status,2, status,0, cstack
   629 ;; Tracked objects:
   630 ;;		On entry : 0/0
   631 ;;		On exit  : 0/0
   632 ;;		Unchanged: 0/0
   633 ;; Data sizes:     COMRAM   BANK0   BANK1   BANK2   BANK3   BANK4   BANK5
   634 ;;      Params:         0       0       0       0       0       0       0
   635 ;;      Locals:         1       0       0       0       0       0       0
   636 ;;      Temps:          0       0       0       0       0       0       0
   637 ;;      Totals:         1       0       0       0       0       0       0
   638 ;;Total ram usage:        1 bytes
   639 ;; Hardware stack levels used:    1
   640 ;; Hardware stack levels required when called:    1
   641 ;; This function calls:
   642 ;;		_DelayFor18TCY
   643 ;; This function is called by:
   644 ;;		_main
   645 ;;		_OpenXLCD
   646 ;; This function uses a non-reentrant model
   647 ;;
   648                           
   649                           	psect	text4
   650  000806                     __ptext4:
   651                           	opt stack 0
   652  000806                     _WriteCmdXLCD:
   653                           	opt stack 0
   654  000806  FFFF               	dw	65535	; assembler added errata NOP
   655                           
   656                           ;incstack = 0
   657                           ;WriteCmdXLCD@cmd stored from wreg
   658  000808  6E01               	movwf	WriteCmdXLCD@cmd,c
   659                           
   660                           ;xlcdinit.c: 479: TRISD &= 0x0f;
   661  00080A  0E0F               	movlw	15
   662  00080C  1695               	andwf	3989,f,c	;volatile
   663                           
   664                           ;xlcdinit.c: 480: PORTD &= 0x0f;
   665  00080E  0E0F               	movlw	15
   666  000810  1683               	andwf	3971,f,c	;volatile
   667                           
   668                           ;xlcdinit.c: 481: PORTD |= cmd&0xf0;
   669  000812  5001               	movf	WriteCmdXLCD@cmd,w,c
   670  000814  0BF0               	andlw	240
   671  000816  1283               	iorwf	3971,f,c	;volatile
   672                           
   673                           ;xlcdinit.c: 487: LATDbits.LATD2 = 0;
   674  000818  948C               	bcf	3980,2,c	;volatile
   675                           
   676                           ;xlcdinit.c: 488: LATDbits.LATD1 = 0;
   677  00081A  928C               	bcf	3980,1,c	;volatile
   678                           
   679                           ;xlcdinit.c: 489: DelayFor18TCY();
   680  00081C  EC50  F004         	call	_DelayFor18TCY	;wreg free
   681                           
   682                           ;xlcdinit.c: 490: LATDbits.LATD0 = 1;
   683  000820  808C               	bsf	3980,0,c	;volatile
   684                           
   685                           ;xlcdinit.c: 491: DelayFor18TCY();
   686  000822  EC50  F004         	call	_DelayFor18TCY	;wreg free
   687                           
   688                           ;xlcdinit.c: 492: LATDbits.LATD0 = 0;
   689  000826  908C               	bcf	3980,0,c	;volatile
   690                           
   691                           ;xlcdinit.c: 494: PORTD &= 0x0f;
   692  000828  0E0F               	movlw	15
   693  00082A  1683               	andwf	3971,f,c	;volatile
   694                           
   695                           ;xlcdinit.c: 495: PORTD |= (cmd<<4)&0xf0;
   696  00082C  3801               	swapf	WriteCmdXLCD@cmd,w,c
   697  00082E  0BF0               	andlw	240
   698  000830  0BF0               	andlw	240
   699  000832  1283               	iorwf	3971,f,c	;volatile
   700                           
   701                           ;xlcdinit.c: 500: DelayFor18TCY();
   702  000834  EC50  F004         	call	_DelayFor18TCY	;wreg free
   703                           
   704                           ;xlcdinit.c: 501: LATDbits.LATD0 = 1;
   705  000838  808C               	bsf	3980,0,c	;volatile
   706                           
   707                           ;xlcdinit.c: 502: DelayFor18TCY();
   708  00083A  EC50  F004         	call	_DelayFor18TCY	;wreg free
   709                           
   710                           ;xlcdinit.c: 503: LATDbits.LATD0 = 0;
   711  00083E  908C               	bcf	3980,0,c	;volatile
   712                           
   713                           ;xlcdinit.c: 505: TRISD |= 0xf0;
   714  000840  0EF0               	movlw	240
   715  000842  1295               	iorwf	3989,f,c	;volatile
   716                           
   717                           ;xlcdinit.c: 510: return;
   718  000844  0012               	return		;funcret
   719  000846  FFFF               	dw	65535	; errata NOP
   720  000848                     __end_of_WriteCmdXLCD:
   721                           	opt stack 0
   722                           tblptru	equ	0xFF8
   723                           tblptrh	equ	0xFF7
   724                           tblptrl	equ	0xFF6
   725                           tablat	equ	0xFF5
   726                           wreg	equ	0xFE8
   727                           status	equ	0xFD8
   728                           
   729 ;; *************** function _SetDDRamAddr *****************
   730 ;; Defined at:
   731 ;;		line 401 in file "xlcdinit.c"
   732 ;; Parameters:    Size  Location     Type
   733 ;;  DDaddr          1    wreg     unsigned char 
   734 ;; Auto vars:     Size  Location     Type
   735 ;;  DDaddr          1    0[COMRAM] unsigned char 
   736 ;; Return value:  Size  Location     Type
   737 ;;                  1    wreg      void 
   738 ;; Registers used:
   739 ;;		wreg, status,2, status,0, cstack
   740 ;; Tracked objects:
   741 ;;		On entry : 0/0
   742 ;;		On exit  : 0/0
   743 ;;		Unchanged: 0/0
   744 ;; Data sizes:     COMRAM   BANK0   BANK1   BANK2   BANK3   BANK4   BANK5
   745 ;;      Params:         0       0       0       0       0       0       0
   746 ;;      Locals:         1       0       0       0       0       0       0
   747 ;;      Temps:          0       0       0       0       0       0       0
   748 ;;      Totals:         1       0       0       0       0       0       0
   749 ;;Total ram usage:        1 bytes
   750 ;; Hardware stack levels used:    1
   751 ;; Hardware stack levels required when called:    1
   752 ;; This function calls:
   753 ;;		_DelayFor18TCY
   754 ;; This function is called by:
   755 ;;		_main
   756 ;;		_OpenXLCD
   757 ;; This function uses a non-reentrant model
   758 ;;
   759                           
   760                           	psect	text5
   761  00073E                     __ptext5:
   762                           	opt stack 0
   763  00073E                     _SetDDRamAddr:
   764                           	opt stack 0
   765  00073E  FFFF               	dw	65535	; assembler added errata NOP
   766                           
   767                           ;incstack = 0
   768                           ;SetDDRamAddr@DDaddr stored from wreg
   769  000740  6E01               	movwf	SetDDRamAddr@DDaddr,c
   770                           
   771                           ;xlcdinit.c: 416: TRISD &= 0x0f;
   772  000742  0E0F               	movlw	15
   773  000744  1695               	andwf	3989,f,c	;volatile
   774                           
   775                           ;xlcdinit.c: 417: PORTD &= 0x0f;
   776  000746  0E0F               	movlw	15
   777  000748  1683               	andwf	3971,f,c	;volatile
   778                           
   779                           ;xlcdinit.c: 418: PORTD |= ((DDaddr | 0b10000000) & 0xf0);
   780  00074A  5001               	movf	SetDDRamAddr@DDaddr,w,c
   781  00074C  0980               	iorlw	128
   782  00074E  0BF0               	andlw	240
   783  000750  1283               	iorwf	3971,f,c	;volatile
   784                           
   785                           ;xlcdinit.c: 424: LATDbits.LATD2 = 0;
   786  000752  948C               	bcf	3980,2,c	;volatile
   787                           
   788                           ;xlcdinit.c: 425: LATDbits.LATD1 = 0;
   789  000754  928C               	bcf	3980,1,c	;volatile
   790                           
   791                           ;xlcdinit.c: 426: DelayFor18TCY();
   792  000756  EC50  F004         	call	_DelayFor18TCY	;wreg free
   793                           
   794                           ;xlcdinit.c: 427: LATDbits.LATD0 = 1;
   795  00075A  808C               	bsf	3980,0,c	;volatile
   796                           
   797                           ;xlcdinit.c: 428: DelayFor18TCY();
   798  00075C  EC50  F004         	call	_DelayFor18TCY	;wreg free
   799                           
   800                           ;xlcdinit.c: 429: LATDbits.LATD0 = 0;
   801  000760  908C               	bcf	3980,0,c	;volatile
   802                           
   803                           ;xlcdinit.c: 431: PORTD &= 0x0f;
   804  000762  0E0F               	movlw	15
   805  000764  1683               	andwf	3971,f,c	;volatile
   806                           
   807                           ;xlcdinit.c: 432: PORTD |= ((DDaddr<<4)&0xf0);
   808  000766  3801               	swapf	SetDDRamAddr@DDaddr,w,c
   809  000768  0BF0               	andlw	240
   810  00076A  0BF0               	andlw	240
   811  00076C  1283               	iorwf	3971,f,c	;volatile
   812                           
   813                           ;xlcdinit.c: 437: DelayFor18TCY();
   814  00076E  EC50  F004         	call	_DelayFor18TCY	;wreg free
   815                           
   816                           ;xlcdinit.c: 438: LATDbits.LATD0 = 1;
   817  000772  808C               	bsf	3980,0,c	;volatile
   818                           
   819                           ;xlcdinit.c: 439: DelayFor18TCY();
   820  000774  EC50  F004         	call	_DelayFor18TCY	;wreg free
   821                           
   822                           ;xlcdinit.c: 440: LATDbits.LATD0 = 0;
   823  000778  908C               	bcf	3980,0,c	;volatile
   824                           
   825                           ;xlcdinit.c: 442: TRISD |= 0xf0;
   826  00077A  0EF0               	movlw	240
   827  00077C  1295               	iorwf	3989,f,c	;volatile
   828                           
   829                           ;xlcdinit.c: 447: return;
   830  00077E  0012               	return		;funcret
   831  000780  FFFF               	dw	65535	; errata NOP
   832  000782                     __end_of_SetDDRamAddr:
   833                           	opt stack 0
   834                           tblptru	equ	0xFF8
   835                           tblptrh	equ	0xFF7
   836                           tblptrl	equ	0xFF6
   837                           tablat	equ	0xFF5
   838                           wreg	equ	0xFE8
   839                           status	equ	0xFD8
   840                           
   841 ;; *************** function _DelayPORXLCD *****************
   842 ;; Defined at:
   843 ;;		line 26 in file "lab1lcd.c"
   844 ;; Parameters:    Size  Location     Type
   845 ;;		None
   846 ;; Auto vars:     Size  Location     Type
   847 ;;		None
   848 ;; Return value:  Size  Location     Type
   849 ;;                  1    wreg      void 
   850 ;; Registers used:
   851 ;;		wreg
   852 ;; Tracked objects:
   853 ;;		On entry : 0/0
   854 ;;		On exit  : 0/0
   855 ;;		Unchanged: 0/0
   856 ;; Data sizes:     COMRAM   BANK0   BANK1   BANK2   BANK3   BANK4   BANK5
   857 ;;      Params:         0       0       0       0       0       0       0
   858 ;;      Locals:         0       0       0       0       0       0       0
   859 ;;      Temps:          1       0       0       0       0       0       0
   860 ;;      Totals:         1       0       0       0       0       0       0
   861 ;;Total ram usage:        1 bytes
   862 ;; Hardware stack levels used:    1
   863 ;; This function calls:
   864 ;;		Nothing
   865 ;; This function is called by:
   866 ;;		_OpenXLCD
   867 ;; This function uses a non-reentrant model
   868 ;;
   869                           
   870                           	psect	text6
   871  00088A                     __ptext6:
   872                           	opt stack 0
   873  00088A                     _DelayPORXLCD:
   874                           	opt stack 0
   875  00088A  FFFF               	dw	65535	; assembler added errata NOP
   876                           
   877                           ;lab1lcd.c: 28: _delay((unsigned long)((15)*(4000000/4000.0)));
   878                           
   879                           ;incstack = 0
   880  00088C  0E0F               	movlw	15
   881  00088E  6E01               	movwf	??_DelayPORXLCD& (0+255),c
   882  000890  0E9E               	movlw	158
   883  000892                     u257:
   884  000892  FFFF               	dw	65535	; errata NOP
   885  000894  2EE8               	decfsz	wreg,f,c
   886  000896  D7FD               	bra	u257
   887  000898  2E01               	decfsz	??_DelayPORXLCD& (0+255),f,c
   888  00089A  D7FB               	bra	u257
   889  00089C  0012               	return		;funcret
   890  00089E  FFFF               	dw	65535	; errata NOP
   891  0008A0                     __end_of_DelayPORXLCD:
   892                           	opt stack 0
   893                           tblptru	equ	0xFF8
   894                           tblptrh	equ	0xFF7
   895                           tblptrl	equ	0xFF6
   896                           tablat	equ	0xFF5
   897                           wreg	equ	0xFE8
   898                           status	equ	0xFD8
   899                           
   900 ;; *************** function _BusyXLCD *****************
   901 ;; Defined at:
   902 ;;		line 21 in file "xlcdinit.c"
   903 ;; Parameters:    Size  Location     Type
   904 ;;		None
   905 ;; Auto vars:     Size  Location     Type
   906 ;;		None
   907 ;; Return value:  Size  Location     Type
   908 ;;                  1    wreg      unsigned char 
   909 ;; Registers used:
   910 ;;		wreg, cstack
   911 ;; Tracked objects:
   912 ;;		On entry : 0/0
   913 ;;		On exit  : 0/0
   914 ;;		Unchanged: 0/0
   915 ;; Data sizes:     COMRAM   BANK0   BANK1   BANK2   BANK3   BANK4   BANK5
   916 ;;      Params:         0       0       0       0       0       0       0
   917 ;;      Locals:         0       0       0       0       0       0       0
   918 ;;      Temps:          0       0       0       0       0       0       0
   919 ;;      Totals:         0       0       0       0       0       0       0
   920 ;;Total ram usage:        0 bytes
   921 ;; Hardware stack levels used:    1
   922 ;; Hardware stack levels required when called:    1
   923 ;; This function calls:
   924 ;;		_DelayFor18TCY
   925 ;; This function is called by:
   926 ;;		_main
   927 ;;		_OpenXLCD
   928 ;;		_putrsXLCD
   929 ;;		_putsXLCD
   930 ;; This function uses a non-reentrant model
   931 ;;
   932                           
   933                           	psect	text7
   934  000848                     __ptext7:
   935                           	opt stack 0
   936  000848                     _BusyXLCD:
   937                           	opt stack 0
   938  000848  FFFF               	dw	65535	; assembler added errata NOP
   939                           
   940                           ;xlcdinit.c: 23: LATDbits.LATD2 = 1;
   941                           
   942                           ;incstack = 0
   943  00084A  848C               	bsf	3980,2,c	;volatile
   944                           
   945                           ;xlcdinit.c: 24: LATDbits.LATD1 = 0;
   946  00084C  928C               	bcf	3980,1,c	;volatile
   947                           
   948                           ;xlcdinit.c: 25: DelayFor18TCY();
   949  00084E  EC50  F004         	call	_DelayFor18TCY	;wreg free
   950                           
   951                           ;xlcdinit.c: 26: LATDbits.LATD0 = 1;
   952  000852  808C               	bsf	3980,0,c	;volatile
   953                           
   954                           ;xlcdinit.c: 27: DelayFor18TCY();
   955  000854  EC50  F004         	call	_DelayFor18TCY	;wreg free
   956                           
   957                           ;xlcdinit.c: 43: if(PORTD&0x80)
   958  000858  AE83               	btfss	3971,7,c	;volatile
   959  00085A  D00A               	goto	l65
   960                           
   961                           ;xlcdinit.c: 47: {
   962                           ;xlcdinit.c: 48: LATDbits.LATD0 = 0;
   963  00085C  908C               	bcf	3980,0,c	;volatile
   964                           
   965                           ;xlcdinit.c: 49: DelayFor18TCY();
   966  00085E  EC50  F004         	call	_DelayFor18TCY	;wreg free
   967                           
   968                           ;xlcdinit.c: 50: LATDbits.LATD0 = 1;
   969  000862  808C               	bsf	3980,0,c	;volatile
   970                           
   971                           ;xlcdinit.c: 51: DelayFor18TCY();
   972  000864  EC50  F004         	call	_DelayFor18TCY	;wreg free
   973                           
   974                           ;xlcdinit.c: 52: LATDbits.LATD0 = 0;
   975  000868  908C               	bcf	3980,0,c	;volatile
   976                           
   977                           ;xlcdinit.c: 53: LATDbits.LATD2 = 0;
   978  00086A  948C               	bcf	3980,2,c	;volatile
   979                           
   980                           ;xlcdinit.c: 54: return 1;
   981  00086C  0E01               	movlw	1
   982                           
   983                           ;xlcdinit.c: 55: }
   984  00086E  D00A               	goto	l787
   985  000870                     l65:
   986  000870  FFFF               	dw	65535	; assembler added errata NOP
   987                           
   988                           ;xlcdinit.c: 56: else
   989                           ;xlcdinit.c: 57: {
   990                           ;xlcdinit.c: 58: LATDbits.LATD0 = 0;
   991  000872  908C               	bcf	3980,0,c	;volatile
   992                           
   993                           ;xlcdinit.c: 59: DelayFor18TCY();
   994  000874  EC50  F004         	call	_DelayFor18TCY	;wreg free
   995                           
   996                           ;xlcdinit.c: 60: LATDbits.LATD0 = 1;
   997  000878  808C               	bsf	3980,0,c	;volatile
   998                           
   999                           ;xlcdinit.c: 61: DelayFor18TCY();
  1000  00087A  EC50  F004         	call	_DelayFor18TCY	;wreg free
  1001                           
  1002                           ;xlcdinit.c: 62: LATDbits.LATD0 = 0;
  1003  00087E  908C               	bcf	3980,0,c	;volatile
  1004                           
  1005                           ;xlcdinit.c: 63: LATDbits.LATD2 = 0;
  1006  000880  948C               	bcf	3980,2,c	;volatile
  1007                           
  1008                           ;xlcdinit.c: 64: return 0;
  1009  000882  0E00               	movlw	0
  1010  000884                     l787:
  1011  000884  FFFF               	dw	65535	; assembler added errata NOP
  1012  000886  0012               	return		;funcret
  1013  000888  FFFF               	dw	65535	; errata NOP
  1014  00088A                     __end_of_BusyXLCD:
  1015                           	opt stack 0
  1016                           tblptru	equ	0xFF8
  1017                           tblptrh	equ	0xFF7
  1018                           tblptrl	equ	0xFF6
  1019                           tablat	equ	0xFF5
  1020                           wreg	equ	0xFE8
  1021                           status	equ	0xFD8
  1022                           
  1023 ;; *************** function _DelayFor18TCY *****************
  1024 ;; Defined at:
  1025 ;;		line 16 in file "lab1lcd.c"
  1026 ;; Parameters:    Size  Location     Type
  1027 ;;		None
  1028 ;; Auto vars:     Size  Location     Type
  1029 ;;		None
  1030 ;; Return value:  Size  Location     Type
  1031 ;;                  1    wreg      void 
  1032 ;; Registers used:
  1033 ;;		wreg
  1034 ;; Tracked objects:
  1035 ;;		On entry : 0/0
  1036 ;;		On exit  : 0/0
  1037 ;;		Unchanged: 0/0
  1038 ;; Data sizes:     COMRAM   BANK0   BANK1   BANK2   BANK3   BANK4   BANK5
  1039 ;;      Params:         0       0       0       0       0       0       0
  1040 ;;      Locals:         0       0       0       0       0       0       0
  1041 ;;      Temps:          0       0       0       0       0       0       0
  1042 ;;      Totals:         0       0       0       0       0       0       0
  1043 ;;Total ram usage:        0 bytes
  1044 ;; Hardware stack levels used:    1
  1045 ;; This function calls:
  1046 ;;		Nothing
  1047 ;; This function is called by:
  1048 ;;		_BusyXLCD
  1049 ;;		_SetDDRamAddr
  1050 ;;		_WriteCmdXLCD
  1051 ;;		_WriteDataXLCD
  1052 ;;		_ReadAddrXLCD
  1053 ;;		_ReadDataXLCD
  1054 ;;		_SetCGRamAddr
  1055 ;; This function uses a non-reentrant model
  1056 ;;
  1057                           
  1058                           	psect	text8
  1059  0008A0                     __ptext8:
  1060                           	opt stack 0
  1061  0008A0                     _DelayFor18TCY:
  1062                           	opt stack 0
  1063  0008A0  FFFF               	dw	65535	; assembler added errata NOP
  1064                           
  1065                           ;lab1lcd.c: 18: _delay((unsigned long)((18)*(4000000/4000000.0)));
  1066                           
  1067                           ;incstack = 0
  1068  0008A2  0E04               	movlw	4
  1069  0008A4                     u267:
  1070  0008A4  FFFF               	dw	65535	; errata NOP
  1071  0008A6  2EE8               	decfsz	wreg,f,c
  1072  0008A8  D7FD               	bra	u267
  1073  0008AA  D000               	nop2	
  1074  0008AC  0012               	return		;funcret
  1075  0008AE  FFFF               	dw	65535	; errata NOP
  1076  0008B0                     __end_of_DelayFor18TCY:
  1077                           	opt stack 0
  1078                           tblptru	equ	0xFF8
  1079                           tblptrh	equ	0xFF7
  1080                           tblptrl	equ	0xFF6
  1081                           tablat	equ	0xFF5
  1082                           wreg	equ	0xFE8
  1083                           status	equ	0xFD8
  1084                           tblptru	equ	0xFF8
  1085                           tblptrh	equ	0xFF7
  1086                           tblptrl	equ	0xFF6
  1087                           tablat	equ	0xFF5
  1088                           wreg	equ	0xFE8
  1089                           status	equ	0xFD8
  1090                           
  1091                           	psect	rparam
  1092  0000                     tblptru	equ	0xFF8
  1093                           tblptrh	equ	0xFF7
  1094                           tblptrl	equ	0xFF6
  1095                           tablat	equ	0xFF5
  1096                           wreg	equ	0xFE8
  1097                           status	equ	0xFD8


Data Sizes:
    Strings     13
    Constant    0
    Data        0
    BSS         0
    Persistent  0
    Stack       0

Auto Spaces:
    Space          Size  Autos    Used
    COMRAM          127      3       3
    BANK0           128      0       0
    BANK1           256      0       0
    BANK2           256      0       0
    BANK3           256      0       0
    BANK4           256      0       0
    BANK5           256      0       0

Pointer List with Targets:

    putrsXLCD@buffer	PTR const unsigned char  size(2) Largest target is 13
		 -> STR_1(CODE[13]), 


Critical Paths under _main in COMRAM

    _main->_OpenXLCD
    _main->_putrsXLCD
    _putrsXLCD->_WriteDataXLCD
    _OpenXLCD->_DelayPORXLCD
    _OpenXLCD->_SetDDRamAddr
    _OpenXLCD->_WriteCmdXLCD

Critical Paths under _main in BANK0

    None.

Critical Paths under _main in BANK1

    None.

Critical Paths under _main in BANK2

    None.

Critical Paths under _main in BANK3

    None.

Critical Paths under _main in BANK4

    None.

Critical Paths under _main in BANK5

    None.

Call Graph Tables:

 ---------------------------------------------------------------------------------
 (Depth) Function   	        Calls       Base Space   Used Autos Params    Refs
 ---------------------------------------------------------------------------------
 (0) _main                                                 0     0      0     286
                           _BusyXLCD
                           _OpenXLCD
                       _SetDDRamAddr
                       _WriteCmdXLCD
                          _putrsXLCD
 ---------------------------------------------------------------------------------
 (1) _putrsXLCD                                            2     0      2     151
                                              1 COMRAM     2     0      2
                           _BusyXLCD
                      _WriteDataXLCD
 ---------------------------------------------------------------------------------
 (2) _WriteDataXLCD                                        1     1      0      30
                                              0 COMRAM     1     1      0
                      _DelayFor18TCY
 ---------------------------------------------------------------------------------
 (1) _OpenXLCD                                             2     2      0      75
                                              1 COMRAM     2     2      0
                           _BusyXLCD
                       _DelayPORXLCD
                       _SetDDRamAddr
                       _WriteCmdXLCD
 ---------------------------------------------------------------------------------
 (1) _WriteCmdXLCD                                         1     1      0      30
                                              0 COMRAM     1     1      0
                      _DelayFor18TCY
 ---------------------------------------------------------------------------------
 (1) _SetDDRamAddr                                         1     1      0      30
                                              0 COMRAM     1     1      0
                      _DelayFor18TCY
 ---------------------------------------------------------------------------------
 (2) _DelayPORXLCD                                         1     1      0       0
                                              0 COMRAM     1     1      0
 ---------------------------------------------------------------------------------
 (2) _BusyXLCD                                             0     0      0       0
                      _DelayFor18TCY
 ---------------------------------------------------------------------------------
 (3) _DelayFor18TCY                                        0     0      0       0
 ---------------------------------------------------------------------------------
 Estimated maximum stack depth 3
 ---------------------------------------------------------------------------------

 Call Graph Graphs:

 _main (ROOT)
   _BusyXLCD
     _DelayFor18TCY
   _OpenXLCD
     _BusyXLCD
       _DelayFor18TCY
     _DelayPORXLCD
     _SetDDRamAddr
       _DelayFor18TCY
     _WriteCmdXLCD
       _DelayFor18TCY
   _SetDDRamAddr
     _DelayFor18TCY
   _WriteCmdXLCD
     _DelayFor18TCY
   _putrsXLCD
     _BusyXLCD
       _DelayFor18TCY
     _WriteDataXLCD
       _DelayFor18TCY

 Address spaces:
Name               Size   Autos  Total    Cost      Usage
BITCOMRAM           7F      0       0       0        0.0%
EEDATA             100      0       0       0        0.0%
NULL                 0      0       0       0        0.0%
CODE                 0      0       0       0        0.0%
COMRAM              7F      3       3       1        2.4%
STACK                0      0       0       2        0.0%
DATA                 0      0       0       3        0.0%
BITBANK0            80      0       0       4        0.0%
BANK0               80      0       0       5        0.0%
BITBANK1           100      0       0       6        0.0%
BANK1              100      0       0       7        0.0%
BITBANK2           100      0       0       8        0.0%
BANK2              100      0       0       9        0.0%
BITBANK3           100      0       0      10        0.0%
BANK3              100      0       0      11        0.0%
BITBANK4           100      0       0      12        0.0%
BANK4              100      0       0      13        0.0%
BANK5              100      0       0      14        0.0%
ABS                  0      0       0      15        0.0%
BITBANK5           100      0       0      16        0.0%
BIGRAM             5FF      0       0      17        0.0%
BITSFR               0      0       0     200        0.0%
SFR                  0      0       0     200        0.0%


Microchip Technology PIC18 Macro Assembler V1.43 build -156212558 
Symbol Table                                                                                   Sat Oct 14 00:46:14 2017

                                                         l31 06EA  
                                                         l40 072C  
                                                         l34 0702  
                                                         l37 0714  
                                                         l71 065E  
                                                         l80 068E  
                                                         l65 0870  
                                                         l83 06A0  
                                                         l77 067C  
                                                         l86 06B2  
                                                         l94 07A8  
                                                         l95 0786  
                                                         l89 06C4  
                                                         u20 066A  
                                                __CFG_OSC$HS 000000  
                                                        l787 0884  
                                                        u237 0638  
                                                        u247 064E  
                                                        u257 0892  
                                                        u267 08A4  
                                      __size_of_WriteCmdXLCD 0042  
                                                        wreg 000FE8  
                                               __CFG_LVP$OFF 000000  
                                               __CFG_WDT$OFF 000000  
                                                       STR_1 0601  
                                               __CFG_PWRT$ON 000000  
                                                       _main 06DA  
                                     __size_of_WriteDataXLCD 0042  
                                                       start 0002  
                                               ___param_bank 000000  
                                               _WriteCmdXLCD 0806  
                                              ?_SetDDRamAddr 0001  
                                                      ?_main 0001  
                                                      _PORTD 000F83  
                                                      _TRISD 000F95  
                                                      tablat 000FF5  
                                                      status 000FD8  
                                            __initialization 08B0  
                                               __end_of_main 073E  
                                           __end_of_BusyXLCD 088A  
                                      __size_of_DelayPORXLCD 0016  
                                             ??_SetDDRamAddr 0001  
                                           __end_of_OpenXLCD 06DA  
                                                     ??_main 0004  
                                              __activetblptr 000001  
                                              _WriteDataXLCD 07C4  
                                               _DelayPORXLCD 088A  
                                             ?_WriteDataXLCD 0001  
                                               __mediumconst 0000  
                                                     tblptrh 000FF7  
                                                     tblptrl 000FF6  
                                                     tblptru 000FF8  
                                                 __accesstop 0080  
                                    __end_of__initialization 08B0  
                                              ___rparam_used 000001  
                                             __pcstackCOMRAM 0001  
                                     __size_of_DelayFor18TCY 0010  
                                                  ?_BusyXLCD 0001  
                                            WriteCmdXLCD@cmd 0001  
                                       __end_of_SetDDRamAddr 0782  
                                                  ?_OpenXLCD 0001  
                                          WriteDataXLCD@data 0001  
                                            ??_WriteDataXLCD 0001  
                                         __size_of_putrsXLCD 0042  
                                                 ??_BusyXLCD 0001  
                                                 ??_OpenXLCD 0002  
                                                    __Hparam 0000  
                                                    __Lparam 0000  
                                              _DelayFor18TCY 08A0  
                                               __psmallconst 0600  
                                                    __pcinit 08B0  
                                            putrsXLCD@buffer 0002  
                                                    __ramtop 0600  
                                                    __ptext0 06DA  
                                                    __ptext1 0782  
                                                    __ptext2 07C4  
                                                    __ptext3 0610  
                                                    __ptext4 0806  
                                                    __ptext5 073E  
                                                    __ptext6 088A  
                                                    __ptext7 0848  
                                                    __ptext8 08A0  
                                       end_of_initialization 08B0  
                                             ?_DelayFor18TCY 0001  
                                          __end_of_putrsXLCD 07C4  
                                                  _TRISDbits 000F95  
                                      __size_of_SetDDRamAddr 0044  
                                               _SetDDRamAddr 073E  
                                         SetDDRamAddr@DDaddr 0001  
                                        start_initialization 08B0  
                                          __size_of_BusyXLCD 0042  
                                            ??_DelayFor18TCY 0001  
                                          __size_of_OpenXLCD 00CA  
                                              ?_WriteCmdXLCD 0001  
                                             ??_WriteCmdXLCD 0001  
                                      __end_of_WriteDataXLCD 0806  
                                                __smallconst 0600  
                                                   _LATDbits 000F8C  
                                              ?_DelayPORXLCD 0001  
                                            OpenXLCD@lcdtype 0003  
                                                  _putrsXLCD 0782  
                                                   _BusyXLCD 0848  
                                             ??_DelayPORXLCD 0001  
                                                   _OpenXLCD 0610  
                                                   __Hrparam 0000  
                                                   __Lrparam 0000  
                                               __Lsmallconst 0600  
                                                 ?_putrsXLCD 0002  
                                       __end_of_WriteCmdXLCD 0848  
                                              __size_of_main 0064  
                                      __end_of_DelayFor18TCY 08B0  
                                       __end_of_DelayPORXLCD 08A0  
                                                ??_putrsXLCD 0004  
